[02:58:59] [ServerMain/INFO]: [bootstrap] Running Java 21 (OpenJDK 64-Bit Server VM 21.0.8+9-Ubuntu-0ubuntu124.04.1; Ubuntu null) on Linux 6.8.0-1030-azure (amd64)
[02:58:59] [ServerMain/INFO]: [bootstrap] Loading Paper 1.21.8-6-main@782ce95 (2025-07-18T20:26:58Z) for Minecraft 1.21.8
[02:58:59] [ServerMain/INFO]: [PluginInitializerManager] Initializing plugins...
[02:58:59] [ServerMain/INFO]: [PluginInitializerManager] Initialized 4 plugins
[02:58:59] [ServerMain/INFO]: [PluginInitializerManager] Bukkit plugins (4):
 - Geyser-Spigot (2.8.4-SNAPSHOT), GlowingItems (1.0.3), ViaVersion (5.5.0), floodgate (2.2.5-SNAPSHOT (b120-0a8cba0))
[02:59:04] [ServerMain/INFO]: Environment: Environment[sessionHost=https://sessionserver.mojang.com, servicesHost=https://api.minecraftservices.com, name=PROD]
[02:59:05] [ServerMain/INFO]: Loaded 1407 recipes
[02:59:06] [ServerMain/INFO]: Loaded 1520 advancements
[02:59:06] [ServerMain/INFO]: [ca.spottedleaf.dataconverter.minecraft.datatypes.MCTypeRegistry] Initialising converters for DataConverter...
[02:59:06] [ServerMain/INFO]: [ca.spottedleaf.dataconverter.minecraft.datatypes.MCTypeRegistry] Finished initialising converters for DataConverter in 355.0ms
[02:59:06] [Server thread/INFO]: Starting minecraft server version 1.21.8
[02:59:06] [Server thread/INFO]: Loading properties
[02:59:06] [Server thread/INFO]: This server is running Paper version 1.21.8-6-main@782ce95 (2025-07-18T20:26:58Z) (Implementing API version 1.21.8-R0.1-SNAPSHOT)
[02:59:06] [Server thread/INFO]: [spark] This server bundles the spark profiler. For more information please visit https://docs.papermc.io/paper/profiling
[02:59:06] [Server thread/INFO]: Server Ping Player Sample Count: 12
[02:59:06] [Server thread/INFO]: Using 4 threads for Netty based IO
[02:59:08] [Server thread/INFO]: [MoonriseCommon] Paper is using 1 worker threads, 1 I/O threads
[02:59:08] [Server thread/INFO]: [ChunkTaskScheduler] Chunk system is using population gen parallelism: true
[02:59:08] [Server thread/INFO]: Default game type: SURVIVAL
[02:59:08] [Server thread/INFO]: Generating keypair
[02:59:08] [Server thread/INFO]: Starting Minecraft server on *:25565
[02:59:09] [Server thread/INFO]: Using epoll channel type
[02:59:09] [Server thread/INFO]: Paper: Using libdeflate (Linux x86_64) compression from Velocity.
[02:59:09] [Server thread/INFO]: Paper: Using OpenSSL 3.x.x (Linux x86_64) cipher from Velocity.
[02:59:09] [Server thread/INFO]: [floodgate] Loading server plugin floodgate v2.2.5-SNAPSHOT (b120-0a8cba0)
[02:59:10] [Server thread/WARN]: [floodgate] en_ is not a supported Floodgate language.
[02:59:10] [Server thread/INFO]: [floodgate] Took 997ms to boot Floodgate
[02:59:10] [Server thread/INFO]: [ViaVersion] Loading server plugin ViaVersion v5.5.0
[02:59:10] [Server thread/INFO]: [ViaVersion] ViaVersion 5.5.0 is now loaded. Registering protocol transformers and injecting...
[02:59:11] [Via-Mappingloader-0/INFO]: [ViaVersion] Loading block connection mappings ...
[02:59:11] [Via-Mappingloader-0/INFO]: [ViaVersion] Using FastUtil Long2ObjectOpenHashMap for block connections
[02:59:12] [Server thread/INFO]: [GlowingItems] Loading server plugin GlowingItems v1.0.3
[02:59:12] [Server thread/INFO]: [Geyser-Spigot] Loading server plugin Geyser-Spigot v2.8.4-SNAPSHOT
[02:59:12] [Server thread/INFO]: [Geyser-Spigot] Loading extensions...
[02:59:12] [Server thread/INFO]: [Geyser-Spigot] Loaded 0 extension(s)
[02:59:12] [Server thread/INFO]: Server permissions file permissions.yml is empty, ignoring it
[02:59:12] [Server thread/INFO]: [GlowingItems] Enabling GlowingItems v1.0.3
[02:59:12] [Server thread/INFO]: [GlowingItems] GlowingItems is now enabled, thank you for using my Plugin!
[02:59:12] [Server thread/INFO]: [GlowingItems] You can find instructions here: https://codingcat2468.github.io/minecraft/2024/04/07/glowing-items-plugin.html
[02:59:12] [Server thread/INFO]: Preparing level "world"
[02:59:13] [Server thread/INFO]: Preparing start region for dimension minecraft:overworld
[02:59:13] [Server thread/INFO]: Preparing spawn area: 0%
[02:59:13] [Server thread/INFO]: Preparing spawn area: 0%
[02:59:14] [Server thread/INFO]: Preparing spawn area: 0%
[02:59:14] [Server thread/INFO]: Time elapsed: 1400 ms
[02:59:14] [Server thread/INFO]: Preparing start region for dimension minecraft:the_nether
[02:59:14] [Server thread/INFO]: Preparing spawn area: 0%
[02:59:14] [Server thread/INFO]: Time elapsed: 239 ms
[02:59:14] [Server thread/INFO]: Preparing start region for dimension minecraft:the_end
[02:59:14] [Server thread/INFO]: Preparing spawn area: 0%
[02:59:14] [Server thread/INFO]: Time elapsed: 181 ms
[02:59:14] [Server thread/INFO]: [floodgate] Enabling floodgate v2.2.5-SNAPSHOT (b120-0a8cba0)
[02:59:15] [Server thread/INFO]: [ViaVersion] Enabling ViaVersion v5.5.0
[02:59:15] [Server thread/INFO]: [ViaVersion] ViaVersion detected server version: 1.21.7-1.21.8 (772)
[02:59:15] [Server thread/INFO]: [Geyser-Spigot] Enabling Geyser-Spigot v2.8.4-SNAPSHOT
[02:59:17] [Server thread/INFO]: [spark] Starting background profiler...
[02:59:17] [Server thread/INFO]: [Geyser-Spigot] ******************************************
[02:59:17] [Server thread/INFO]: [Geyser-Spigot] 
[02:59:17] [Server thread/INFO]: [Geyser-Spigot] Loading Geyser version 2.8.4-b947 (git-master-82fb2e4)
[02:59:17] [Server thread/INFO]: [Geyser-Spigot] 
[02:59:17] [Server thread/INFO]: [Geyser-Spigot] ******************************************
[02:59:20] [pool-15-thread-1/WARN]: [floodgate] 
**********************************
* You specified an empty prefix in your Floodgate config for Bedrock players!
* Should a Java player join and a Bedrock player join with the same username, unwanted results and conflicts will happen!
* We strongly recommend using . as the prefix, but other alternatives that will not conflict include: +, - and *
**********************************
[02:59:21] [Server thread/WARN]: [Geyser-Spigot] The resource pack Faithful 32x - 1.21.mcpack has a file in it that meets or exceeds 80 characters in its path (textures/gui/newgui/buttons/checkbox/checkbox_unchecked_WhiteBorder_disabled.png, 80 characters long). This will cause problems on some Bedrock platforms. Please rename it to be shorter, or reduce the amount of folders needed to get to the file.
[02:59:21] [GeyserServer-3-1/INFO]: [Geyser-Spigot] Started Geyser on UDP port 5702
[02:59:21] [Server thread/INFO]: [Geyser-Spigot] Done (3.835s)! Run /geyser help for help!
[02:59:21] [Server thread/INFO]: Done preparing level "world" (8.867s)
[02:59:21] [Server thread/INFO]: Running delayed init tasks
[02:59:21] [Server thread/INFO]: Done (23.178s)! For help, type "help"
[02:59:21] [Craft Scheduler Thread - 2 - ViaVersion/INFO]: [ViaVersion] Finished mapping loading, shutting down loader executor.
[02:59:58] [GeyserServerChild-4-1/INFO]: [Geyser-Spigot] Player connected with username Mahangelss567
[02:59:58] [localSession-7-2/INFO]: [Geyser-Spigot] Mahangelss567 (logged in as: Mahangelss567) has connected to the Java server
[02:59:58] [Server thread/INFO]: [floodgate] Floodgate player logged in as Mahangelss567 joined (UUID: 00000000-0000-0000-0009-01fa9781da61)
[02:59:58] [Server thread/INFO]: Mahangelss567 joined the game
[02:59:58] [Server thread/INFO]: Mahangelss567[/127.112.100.155:0] logged in with entity id 77 at ([world]3.5, 73.5625, 20.5)
[03:00:01] [GeyserServerChild-4-2/INFO]: [Geyser-Spigot] Player connected with username Maxilaster
[03:00:01] [localSession-7-3/INFO]: [Geyser-Spigot] Maxilaster (logged in as: Maxilaster) has connected to the Java server
[03:00:01] [Server thread/INFO]: [floodgate] Floodgate player logged in as Maxilaster joined (UUID: 00000000-0000-0000-0009-01f17765c227)
[03:00:01] [Server thread/INFO]: Maxilaster joined the game
[03:00:01] [Server thread/INFO]: Maxilaster[/127.250.21.153:0] logged in with entity id 212 at ([world]4.3211317, 69.0, 16.64058)
[03:01:37] [GeyserServerChild-4-1/INFO]: [Geyser-Spigot] Mahangelss567 has disconnected from the Java server because of Bedrock client timed out
[03:01:37] [Geyser Spigot connection thread-6-3/INFO]: [floodgate] Floodgate player logged in as Mahangelss567 disconnected
[03:01:37] [Server thread/INFO]: Mahangelss567 lost connection: Disconnected
[03:01:37] [Server thread/INFO]: Mahangelss567 left the game
[03:02:53] [GeyserServerChild-4-3/INFO]: [Geyser-Spigot] Player connected with username Mahangelss567
[03:02:53] [localSession-7-4/INFO]: [Geyser-Spigot] Mahangelss567 (logged in as: Mahangelss567) has connected to the Java server
[03:02:53] [Server thread/INFO]: [floodgate] Floodgate player logged in as Mahangelss567 joined (UUID: 00000000-0000-0000-0009-01fa9781da61)
[03:02:53] [Server thread/INFO]: Mahangelss567 joined the game
[03:02:53] [Server thread/INFO]: Mahangelss567[/127.112.100.155:0] logged in with entity id 584 at ([world]-5.429062, 73.0, 16.962341)
[03:04:28] [Geyser Spigot connection thread-6-1/INFO]: [floodgate] Floodgate player logged in as Mahangelss567 disconnected
[03:04:28] [GeyserServerChild-4-3/INFO]: [Geyser-Spigot] Mahangelss567 has disconnected from the Java server because of Bedrock client timed out
[03:04:28] [Server thread/INFO]: Mahangelss567 lost connection: Disconnected
[03:04:28] [Server thread/INFO]: Mahangelss567 left the game
[03:09:11] [Server thread/INFO]: Maxilaster has made the advancement [We Need to Go Deeper]
[03:09:36] [GeyserServerChild-4-2/INFO]: [Geyser-Spigot] Maxilaster has disconnected from the Java server because of Bedrock client disconnected
[03:09:36] [Geyser Spigot connection thread-6-4/INFO]: [floodgate] Floodgate player logged in as Maxilaster disconnected
[03:09:36] [Server thread/INFO]: Maxilaster lost connection: Disconnected
[03:09:36] [Server thread/INFO]: Maxilaster left the game
[03:09:58] [GeyserServerChild-4-4/INFO]: [Geyser-Spigot] Player connected with username Maxilaster
[03:09:58] [localSession-7-1/INFO]: [Geyser-Spigot] Maxilaster (logged in as: Maxilaster) has connected to the Java server
[03:09:58] [Server thread/INFO]: [floodgate] Floodgate player logged in as Maxilaster joined (UUID: 00000000-0000-0000-0009-01f17765c227)
[03:09:58] [Server thread/INFO]: Maxilaster joined the game
[03:09:58] [Server thread/INFO]: Maxilaster[/127.250.21.153:0] logged in with entity id 1537 at ([world_nether]7.6685815, 33.0, -5.333246)
[03:23:49] [Geyser Spigot connection thread-6-2/INFO]: [floodgate] Floodgate player logged in as Maxilaster disconnected
[03:23:49] [GeyserServerChild-4-4/INFO]: [Geyser-Spigot] Maxilaster has disconnected from the Java server because of Bedrock client disconnected
[03:23:49] [Server thread/INFO]: Maxilaster lost connection: Disconnected
[03:23:49] [Server thread/INFO]: Maxilaster left the game
[03:24:24] [Server thread/INFO]: Stopping the server
[03:24:24] [Server thread/INFO]: Stopping server
[03:24:24] [Server thread/INFO]: [Geyser-Spigot] Disabling Geyser-Spigot v2.8.4-SNAPSHOT
[03:24:24] [Server thread/INFO]: [Geyser-Spigot] Shutting down Geyser.
[03:24:24] [Server thread/INFO]: [Geyser-Spigot] Geyser shutdown successfully.
[03:24:24] [Server thread/INFO]: [GlowingItems] Disabling GlowingItems v1.0.3
[03:24:24] [Server thread/INFO]: [GlowingItems] GlowingItems is stopping! Bye!
[03:24:24] [Server thread/INFO]: [ViaVersion] Disabling ViaVersion v5.5.0
[03:24:24] [Server thread/INFO]: [ViaVersion] ViaVersion has been disabled; uninjected the platform and shut down the scheduler.
[03:24:24] [Server thread/INFO]: [floodgate] Disabling floodgate v2.2.5-SNAPSHOT (b120-0a8cba0)
[03:24:24] [Server thread/INFO]: Saving players
[03:24:24] [WebSocketConnectReadThread-85/INFO]: [Geyser-Spigot] The skin uploader has been closed
[03:24:24] [Server thread/INFO]: Saving worlds
[03:24:24] [Server thread/INFO]: Saving chunks for level 'ServerLevel[world]'/minecraft:overworld
[03:24:24] [Server thread/INFO]: [ChunkHolderManager] Waiting 60s for chunk system to halt for world 'world'
[03:24:24] [Server thread/INFO]: [ChunkHolderManager] Halted chunk system for world 'world'
[03:24:24] [Server thread/INFO]: [ChunkHolderManager] Saving all chunkholders for world 'world'
[03:24:24] [Server thread/INFO]: [ChunkHolderManager] Saved 87 block chunks, 214 entity chunks, 0 poi chunks in world 'world' in 0.21s
[03:24:24] [Server thread/INFO]: [ChunkHolderManager] Waiting 60s for chunk I/O to halt for world 'world'
[03:24:24] [Server thread/INFO]: [ChunkHolderManager] Halted I/O scheduler for world 'world'
[03:24:24] [Server thread/INFO]: Saving chunks for level 'ServerLevel[world_nether]'/minecraft:the_nether
[03:24:24] [Server thread/INFO]: [ChunkHolderManager] Waiting 60s for chunk system to halt for world 'world_nether'
[03:24:24] [Server thread/INFO]: [ChunkHolderManager] Halted chunk system for world 'world_nether'
[03:24:24] [Server thread/INFO]: [ChunkHolderManager] Saving all chunkholders for world 'world_nether'
[03:24:24] [Server thread/INFO]: [ChunkHolderManager] Saved 220 block chunks, 79 entity chunks, 0 poi chunks in world 'world_nether' in 0.21s
[03:24:24] [Server thread/INFO]: [ChunkHolderManager] Waiting 60s for chunk I/O to halt for world 'world_nether'
[03:24:24] [Server thread/INFO]: [ChunkHolderManager] Halted I/O scheduler for world 'world_nether'
[03:24:24] [Server thread/INFO]: Saving chunks for level 'ServerLevel[world_the_end]'/minecraft:the_end
[03:24:24] [Server thread/INFO]: [ChunkHolderManager] Waiting 60s for chunk system to halt for world 'world_the_end'
[03:24:24] [Server thread/INFO]: [ChunkHolderManager] Halted chunk system for world 'world_the_end'
[03:24:24] [Server thread/INFO]: [ChunkHolderManager] Saving all chunkholders for world 'world_the_end'
[03:24:24] [Server thread/INFO]: [ChunkHolderManager] Saved 0 block chunks, 10 entity chunks, 0 poi chunks in world 'world_the_end' in 0.01s
[03:24:24] [Server thread/INFO]: [ChunkHolderManager] Waiting 60s for chunk I/O to halt for world 'world_the_end'
[03:24:24] [Server thread/INFO]: [ChunkHolderManager] Halted I/O scheduler for world 'world_the_end'
[03:24:24] [Server thread/INFO]: ThreadedAnvilChunkStorage (world): All chunks are saved
[03:24:24] [Server thread/INFO]: ThreadedAnvilChunkStorage (DIM-1): All chunks are saved
[03:24:24] [Server thread/INFO]: ThreadedAnvilChunkStorage (DIM1): All chunks are saved
[03:24:24] [Server thread/INFO]: ThreadedAnvilChunkStorage: All dimensions are saved
[03:24:24] [Server thread/INFO]: Waiting for all RegionFile I/O tasks to complete...
[03:24:24] [Server thread/INFO]: All RegionFile I/O tasks to complete
[03:24:24] [Server thread/INFO]: [MoonriseCommon] Awaiting termination of worker pool for up to 60s...
[03:24:24] [Server thread/INFO]: [MoonriseCommon] Awaiting termination of I/O pool for up to 60s...
